<?xml version="1.0" encoding="UTF-8"?>
<testsuite xmlns:xsi="http://www.w3.org/2001/XMLSchema-instance" xsi:noNamespaceSchemaLocation="https://maven.apache.org/surefire/maven-surefire-plugin/xsd/surefire-test-report-3.0.xsd" version="3.0" name="CalculadoraTest" time="0.049" tests="9" errors="0" skipped="0" failures="0">
  <properties>
    <property name="java.specification.version" value="24"/>
    <property name="sun.cpu.isalist" value="amd64"/>
    <property name="sun.jnu.encoding" value="Cp1252"/>
    <property name="java.class.path" value="C:\Users\trgti\OneDrive\Documents\C214-B-ProjetoCalculadora\target\test-classes;C:\Users\trgti\OneDrive\Documents\C214-B-ProjetoCalculadora\target\classes;C:\Users\trgti\.m2\repository\junit\junit\4.13.2\junit-4.13.2.jar;C:\Users\trgti\.m2\repository\org\hamcrest\hamcrest-core\1.3\hamcrest-core-1.3.jar;"/>
    <property name="java.vm.vendor" value="Oracle Corporation"/>
    <property name="sun.arch.data.model" value="64"/>
    <property name="user.variant" value=""/>
    <property name="java.vendor.url" value="https://java.oracle.com/"/>
    <property name="user.timezone" value="America/Sao_Paulo"/>
    <property name="os.name" value="Windows 11"/>
    <property name="java.vm.specification.version" value="24"/>
    <property name="sun.java.launcher" value="SUN_STANDARD"/>
    <property name="user.country" value="BR"/>
    <property name="sun.boot.library.path" value="D:\Programas\Java\jdk-24_windows-x64_bin\jdk-24.0.2\bin"/>
    <property name="sun.java.command" value="C:\Users\trgti\AppData\Local\Temp\surefire8958420600874039400\surefirebooter-20250819115840125_3.jar C:\Users\trgti\AppData\Local\Temp\surefire8958420600874039400 2025-08-19T11-58-39_985-jvmRun1 surefire-20250819115840125_1tmp surefire_0-20250819115840125_2tmp"/>
    <property name="jdk.debug" value="release"/>
    <property name="surefire.test.class.path" value="C:\Users\trgti\OneDrive\Documents\C214-B-ProjetoCalculadora\target\test-classes;C:\Users\trgti\OneDrive\Documents\C214-B-ProjetoCalculadora\target\classes;C:\Users\trgti\.m2\repository\junit\junit\4.13.2\junit-4.13.2.jar;C:\Users\trgti\.m2\repository\org\hamcrest\hamcrest-core\1.3\hamcrest-core-1.3.jar;"/>
    <property name="sun.cpu.endian" value="little"/>
    <property name="user.home" value="C:\Users\trgti"/>
    <property name="user.language" value="pt"/>
    <property name="java.specification.vendor" value="Oracle Corporation"/>
    <property name="java.version.date" value="2025-07-15"/>
    <property name="java.home" value="D:\Programas\Java\jdk-24_windows-x64_bin\jdk-24.0.2"/>
    <property name="file.separator" value="\"/>
    <property name="basedir" value="C:\Users\trgti\OneDrive\Documents\C214-B-ProjetoCalculadora"/>
    <property name="java.vm.compressedOopsMode" value="Zero based"/>
    <property name="line.separator" value="&#10;"/>
    <property name="java.vm.specification.vendor" value="Oracle Corporation"/>
    <property name="java.specification.name" value="Java Platform API Specification"/>
    <property name="surefire.real.class.path" value="C:\Users\trgti\AppData\Local\Temp\surefire8958420600874039400\surefirebooter-20250819115840125_3.jar"/>
    <property name="user.script" value=""/>
    <property name="sun.management.compiler" value="HotSpot 64-Bit Tiered Compilers"/>
    <property name="java.runtime.version" value="24.0.2+12-54"/>
    <property name="user.name" value="trgti"/>
    <property name="stdout.encoding" value="Cp1252"/>
    <property name="path.separator" value=";"/>
    <property name="os.version" value="10.0"/>
    <property name="java.runtime.name" value="Java(TM) SE Runtime Environment"/>
    <property name="file.encoding" value="UTF-8"/>
    <property name="java.vm.name" value="Java HotSpot(TM) 64-Bit Server VM"/>
    <property name="localRepository" value="C:\Users\trgti\.m2\repository"/>
    <property name="java.vendor.url.bug" value="https://bugreport.java.com/bugreport/"/>
    <property name="java.io.tmpdir" value="C:\Users\trgti\AppData\Local\Temp\"/>
    <property name="java.version" value="24.0.2"/>
    <property name="user.dir" value="C:\Users\trgti\OneDrive\Documents\C214-B-ProjetoCalculadora"/>
    <property name="os.arch" value="amd64"/>
    <property name="java.vm.specification.name" value="Java Virtual Machine Specification"/>
    <property name="sun.os.patch.level" value=""/>
    <property name="native.encoding" value="Cp1252"/>
    <property name="java.library.path" value="D:\Programas\Java\jdk-24_windows-x64_bin\jdk-24.0.2\bin;C:\WINDOWS\Sun\Java\bin;C:\WINDOWS\system32;C:\WINDOWS;C:\Users\trgti\bin;D:\Programas\GitBash\Git\mingw64\bin;D:\Programas\GitBash\Git\usr\local\bin;D:\Programas\GitBash\Git\usr\bin;D:\Programas\GitBash\Git\usr\bin;D:\Programas\GitBash\Git\mingw64\bin;D:\Programas\GitBash\Git\usr\bin;C:\Users\trgti\bin;C:\Program Files\Common Files\Oracle\Java\javapath;D:\Programas\apache-maven-3.9.11-bin\bin;D:\Programas\Java\jdk-24_windows-x64_bin\jdk-24.0.2\bin;C:\Program Files (x86)\Common Files\Oracle\Java\java8path;C:\Program Files (x86)\Common Files\Oracle\Java\javapath;C:\Windows\system32;C:\Windows;C:\Windows\System32\Wbem;C:\Windows\System32\WindowsPowerShell\v1.0;C:\Windows\System32\OpenSSH;C:\Program Files (x86)\NVIDIA Corporation\PhysX\Common;C:\Program Files\dotnet;C:\Program Files\Docker\Docker\resources\bin;C:\WINDOWS\system32;C:\WINDOWS;C:\WINDOWS\System32\Wbem;C:\WINDOWS\System32\WindowsPowerShell\v1.0;C:\WINDOWS\System32\OpenSSH;D:\Programas\NodeJs;C:\Program Files\NVIDIA Corporation\NVIDIA app\NvDLISR;D:\Programas\GitBash\Git\cmd;C:\Users\trgti\AppData\Local\Programs\Python\Python312\Scripts;C:\Users\trgti\AppData\Local\Programs\Python\Python312;C:\Users\trgti\AppData\Local\Microsoft\WindowsApps;D:\Programas\Vscode\Microsoft VS Code\bin;C:\Users\trgti\AppData\Local\GitHubDesktop\bin;D:\Programas\C++\ucrt64\bin;C:\Users\trgti\AppData\Roaming\npm;D:\Programas\IntelliJ\IntelliJ IDEA Community Edition 2025.2\bin;D:\Programas\apache-maven-3.9.11-bin\apache-maven-3.9.11\bin;D:\Programas\GitBash\Git\usr\bin\vendor_perl;D:\Programas\GitBash\Git\usr\bin\core_perl;."/>
    <property name="java.vm.info" value="mixed mode, sharing"/>
    <property name="stderr.encoding" value="Cp1252"/>
    <property name="java.vendor" value="Oracle Corporation"/>
    <property name="java.vm.version" value="24.0.2+12-54"/>
    <property name="sun.io.unicode.encoding" value="UnicodeLittle"/>
    <property name="java.class.version" value="68.0"/>
  </properties>
  <testcase name="testDivisaoPorZero" classname="CalculadoraTest" time="0.005"/>
  <testcase name="testRaizQuadrada" classname="CalculadoraTest" time="0.0"/>
  <testcase name="testSoma" classname="CalculadoraTest" time="0.0"/>
  <testcase name="testPorcentagem" classname="CalculadoraTest" time="0.0"/>
  <testcase name="testSubtracao" classname="CalculadoraTest" time="0.0"/>
  <testcase name="testDivisao" classname="CalculadoraTest" time="0.0"/>
  <testcase name="testMultiplicacao" classname="CalculadoraTest" time="0.0"/>
  <testcase name="testPotencia" classname="CalculadoraTest" time="0.0"/>
  <testcase name="testFatorial" classname="CalculadoraTest" time="0.0"/>
</testsuite>